{"contracts\\Calculation.sol":{"l":{"12":10,"13":10,"14":10},"path":"C:\\Users\\AYUSH ARYAN\\OneDrive\\Desktop\\solidity\\EverInsurance\\contracts\\Calculation.sol","s":{"1":10,"2":10,"3":10},"b":{},"f":{"1":10},"fnMap":{"1":{"name":"getCalculc","line":10,"loc":{"start":{"line":10,"column":4},"end":{"line":15,"column":4}}}},"statementMap":{"1":{"start":{"line":12,"column":10},"end":{"line":12,"column":44}},"2":{"start":{"line":13,"column":10},"end":{"line":13,"column":36}},"3":{"start":{"line":14,"column":10},"end":{"line":14,"column":41}}},"branchMap":{}},"contracts\\ConversionRate.sol":{"l":{"12":10,"14":10,"25":10,"26":10,"27":10},"path":"C:\\Users\\AYUSH ARYAN\\OneDrive\\Desktop\\solidity\\EverInsurance\\contracts\\ConversionRate.sol","s":{"1":10,"2":10,"3":10,"4":10,"5":10},"b":{},"f":{"1":10,"2":10},"fnMap":{"1":{"name":"getPrice","line":7,"loc":{"start":{"line":7,"column":2},"end":{"line":15,"column":2}}},"2":{"name":"getConversionRate","line":20,"loc":{"start":{"line":20,"column":2},"end":{"line":28,"column":2}}}},"statementMap":{"1":{"start":{"line":12,"column":4},"end":{"line":12,"column":57}},"2":{"start":{"line":14,"column":4},"end":{"line":14,"column":40}},"3":{"start":{"line":25,"column":4},"end":{"line":25,"column":42}},"4":{"start":{"line":26,"column":4},"end":{"line":26,"column":73}},"5":{"start":{"line":27,"column":4},"end":{"line":27,"column":25}}},"branchMap":{}},"contracts\\EverInsurance.sol":{"l":{"48":3,"59":10,"61":10,"62":2,"64":10,"65":2,"67":10,"68":2,"70":10,"71":10,"72":10,"73":0,"87":0,"88":0,"89":0,"92":2,"93":0,"94":0,"95":0,"96":0,"100":0,"105":0,"107":0,"110":0,"112":0,"113":0,"114":0,"115":0,"116":0,"117":0,"125":10,"126":0,"128":10,"130":0,"132":0,"134":0,"136":0,"141":0,"142":0,"143":0,"144":0,"145":0},"path":"C:\\Users\\AYUSH ARYAN\\OneDrive\\Desktop\\solidity\\EverInsurance\\contracts\\EverInsurance.sol","s":{"1":10,"2":10,"3":10,"4":10,"5":10,"6":10,"7":0,"8":0,"9":0,"10":2,"11":0,"12":0,"13":0,"14":0,"15":0,"16":0,"17":0,"18":10,"19":0,"20":10,"21":10,"22":0,"23":0,"24":0,"25":0,"26":0,"27":0,"28":0,"29":0,"30":0,"31":0,"32":0,"33":0},"b":{"1":[2,8],"2":[2,8],"3":[2,8],"4":[10,0],"5":[0,0],"6":[0,0],"7":[0,0],"8":[0,0],"9":[0,0],"10":[0,10],"11":[10,0],"12":[0,0],"13":[0,0],"14":[0,0]},"f":{"1":3,"2":10,"3":2,"4":10,"5":0},"fnMap":{"1":{"name":"constructor","line":47,"loc":{"start":{"line":47,"column":2},"end":{"line":49,"column":2}}},"2":{"name":"getInsurance","line":51,"loc":{"start":{"line":51,"column":2},"end":{"line":90,"column":2}}},"3":{"name":"ReInsurance","line":91,"loc":{"start":{"line":91,"column":2},"end":{"line":118,"column":2}}},"4":{"name":"calculateIdv","line":120,"loc":{"start":{"line":120,"column":2},"end":{"line":138,"column":2}}},"5":{"name":"USDtoWEI","line":140,"loc":{"start":{"line":140,"column":2},"end":{"line":146,"column":2}}}},"statementMap":{"1":{"start":{"line":59,"column":4},"end":{"line":59,"column":35}},"2":{"start":{"line":61,"column":4},"end":{"line":61,"column":1637}},"3":{"start":{"line":64,"column":4},"end":{"line":64,"column":1732}},"4":{"start":{"line":67,"column":4},"end":{"line":67,"column":1819}},"5":{"start":{"line":70,"column":4},"end":{"line":70,"column":69}},"6":{"start":{"line":71,"column":4},"end":{"line":71,"column":2005}},"7":{"start":{"line":73,"column":4},"end":{"line":73,"column":2078}},"8":{"start":{"line":87,"column":4},"end":{"line":87,"column":32}},"9":{"start":{"line":89,"column":4},"end":{"line":89,"column":76}},"10":{"start":{"line":92,"column":4},"end":{"line":92,"column":57}},"11":{"start":{"line":93,"column":4},"end":{"line":93,"column":65}},"12":{"start":{"line":94,"column":4},"end":{"line":94,"column":21}},"13":{"start":{"line":95,"column":4},"end":{"line":95,"column":2864}},"14":{"start":{"line":96,"column":6},"end":{"line":96,"column":2904}},"15":{"start":{"line":101,"column":13},"end":{"line":101,"column":3097}},"16":{"start":{"line":112,"column":4},"end":{"line":112,"column":39}},"17":{"start":{"line":113,"column":4},"end":{"line":113,"column":45}},"18":{"start":{"line":125,"column":4},"end":{"line":125,"column":3915}},"19":{"start":{"line":126,"column":6},"end":{"line":126,"column":33}},"20":{"start":{"line":127,"column":11},"end":{"line":127,"column":3997}},"21":{"start":{"line":128,"column":6},"end":{"line":128,"column":34}},"22":{"start":{"line":129,"column":11},"end":{"line":129,"column":4081}},"23":{"start":{"line":130,"column":6},"end":{"line":130,"column":34}},"24":{"start":{"line":131,"column":11},"end":{"line":131,"column":4166}},"25":{"start":{"line":132,"column":6},"end":{"line":132,"column":34}},"26":{"start":{"line":133,"column":11},"end":{"line":133,"column":4251}},"27":{"start":{"line":134,"column":6},"end":{"line":134,"column":34}},"28":{"start":{"line":136,"column":6},"end":{"line":136,"column":34}},"29":{"start":{"line":141,"column":4},"end":{"line":141,"column":19}},"30":{"start":{"line":142,"column":4},"end":{"line":142,"column":60}},"31":{"start":{"line":143,"column":4},"end":{"line":143,"column":60}},"32":{"start":{"line":144,"column":4},"end":{"line":144,"column":38}},"33":{"start":{"line":145,"column":4},"end":{"line":145,"column":30}}},"branchMap":{"1":{"line":61,"type":"if","locations":[{"start":{"line":61,"column":4},"end":{"line":61,"column":4}},{"start":{"line":61,"column":4},"end":{"line":61,"column":4}}]},"2":{"line":64,"type":"if","locations":[{"start":{"line":64,"column":4},"end":{"line":64,"column":4}},{"start":{"line":64,"column":4},"end":{"line":64,"column":4}}]},"3":{"line":67,"type":"if","locations":[{"start":{"line":67,"column":4},"end":{"line":67,"column":4}},{"start":{"line":67,"column":4},"end":{"line":67,"column":4}}]},"4":{"line":71,"type":"if","locations":[{"start":{"line":71,"column":4},"end":{"line":71,"column":4}},{"start":{"line":71,"column":4},"end":{"line":71,"column":4}}]},"5":{"line":93,"type":"if","locations":[{"start":{"line":93,"column":4},"end":{"line":93,"column":4}},{"start":{"line":93,"column":4},"end":{"line":93,"column":4}}]},"6":{"line":95,"type":"if","locations":[{"start":{"line":95,"column":4},"end":{"line":95,"column":4}},{"start":{"line":95,"column":4},"end":{"line":95,"column":4}}]},"7":{"line":96,"type":"if","locations":[{"start":{"line":96,"column":6},"end":{"line":96,"column":6}},{"start":{"line":96,"column":6},"end":{"line":96,"column":6}}]},"8":{"line":101,"type":"if","locations":[{"start":{"line":101,"column":13},"end":{"line":101,"column":13}},{"start":{"line":101,"column":13},"end":{"line":101,"column":13}}]},"9":{"line":112,"type":"if","locations":[{"start":{"line":112,"column":4},"end":{"line":112,"column":4}},{"start":{"line":112,"column":4},"end":{"line":112,"column":4}}]},"10":{"line":125,"type":"if","locations":[{"start":{"line":125,"column":4},"end":{"line":125,"column":4}},{"start":{"line":125,"column":4},"end":{"line":125,"column":4}}]},"11":{"line":127,"type":"if","locations":[{"start":{"line":127,"column":11},"end":{"line":127,"column":11}},{"start":{"line":127,"column":11},"end":{"line":127,"column":11}}]},"12":{"line":129,"type":"if","locations":[{"start":{"line":129,"column":11},"end":{"line":129,"column":11}},{"start":{"line":129,"column":11},"end":{"line":129,"column":11}}]},"13":{"line":131,"type":"if","locations":[{"start":{"line":131,"column":11},"end":{"line":131,"column":11}},{"start":{"line":131,"column":11},"end":{"line":131,"column":11}}]},"14":{"line":133,"type":"if","locations":[{"start":{"line":133,"column":11},"end":{"line":133,"column":11}},{"start":{"line":133,"column":11},"end":{"line":133,"column":11}}]}}},"contracts\\Mocks.sol":{"l":{},"path":"C:\\Users\\AYUSH ARYAN\\OneDrive\\Desktop\\solidity\\EverInsurance\\contracts\\Mocks.sol","s":{},"b":{},"f":{},"fnMap":{},"statementMap":{},"branchMap":{}}}